{"/Users/luistellez/Library/Mobile Documents/com~apple~CloudDocs/Documents/Proyectos/general-store-backend/app.js": {"path":"/Users/luistellez/Library/Mobile Documents/com~apple~CloudDocs/Documents/Proyectos/general-store-backend/app.js","statementMap":{"0":{"start":{"line":1,"column":13},"end":{"line":1,"column":28}},"1":{"start":{"line":2,"column":16},"end":{"line":2,"column":34}},"2":{"start":{"line":3,"column":17},"end":{"line":3,"column":36}},"3":{"start":{"line":4,"column":22},"end":{"line":4,"column":54}},"4":{"start":{"line":5,"column":12},"end":{"line":5,"column":21}},"5":{"start":{"line":6,"column":0},"end":{"line":6,"column":27}},"6":{"start":{"line":8,"column":0},"end":{"line":8,"column":16}},"7":{"start":{"line":9,"column":0},"end":{"line":9,"column":24}},"8":{"start":{"line":10,"column":0},"end":{"line":10,"column":36}},"9":{"start":{"line":12,"column":18},"end":{"line":18,"column":1}},"10":{"start":{"line":13,"column":2},"end":{"line":17,"column":3}},"11":{"start":{"line":14,"column":4},"end":{"line":14,"column":53}},"12":{"start":{"line":16,"column":4},"end":{"line":16,"column":55}},"13":{"start":{"line":20,"column":15},"end":{"line":23,"column":2}},"14":{"start":{"line":21,"column":2},"end":{"line":21,"column":63}},"15":{"start":{"line":22,"column":2},"end":{"line":22,"column":14}},"16":{"start":{"line":25,"column":0},"end":{"line":25,"column":33}}},"fnMap":{"0":{"name":"(anonymous_0)","decl":{"start":{"line":12,"column":18},"end":{"line":12,"column":19}},"loc":{"start":{"line":12,"column":30},"end":{"line":18,"column":1}},"line":12},"1":{"name":"(anonymous_1)","decl":{"start":{"line":20,"column":44},"end":{"line":20,"column":45}},"loc":{"start":{"line":20,"column":50},"end":{"line":23,"column":1}},"line":20}},"branchMap":{},"s":{"0":1,"1":1,"2":1,"3":1,"4":1,"5":1,"6":1,"7":1,"8":1,"9":1,"10":1,"11":1,"12":0,"13":1,"14":1,"15":1,"16":1},"f":{"0":1,"1":1},"b":{},"_coverageSchema":"1a1c01bbd47fc00a2c39e90264f33305004495a9","hash":"1f62e0c850f553f1b13104a89411a24c6eab9206"}
,"/Users/luistellez/Library/Mobile Documents/com~apple~CloudDocs/Documents/Proyectos/general-store-backend/src/controllers/product.js": {"path":"/Users/luistellez/Library/Mobile Documents/com~apple~CloudDocs/Documents/Proyectos/general-store-backend/src/controllers/product.js","statementMap":{"0":{"start":{"line":1,"column":23},"end":{"line":1,"column":54}},"1":{"start":{"line":3,"column":0},"end":{"line":13,"column":2}},"2":{"start":{"line":4,"column":2},"end":{"line":12,"column":3}},"3":{"start":{"line":5,"column":19},"end":{"line":5,"column":53}},"4":{"start":{"line":6,"column":4},"end":{"line":6,"column":37}},"5":{"start":{"line":8,"column":4},"end":{"line":8,"column":34}},"6":{"start":{"line":9,"column":4},"end":{"line":11,"column":69}},"7":{"start":{"line":15,"column":0},"end":{"line":23,"column":2}},"8":{"start":{"line":16,"column":2},"end":{"line":22,"column":3}},"9":{"start":{"line":17,"column":18},"end":{"line":17,"column":68}},"10":{"start":{"line":18,"column":4},"end":{"line":18,"column":35}},"11":{"start":{"line":20,"column":4},"end":{"line":20,"column":34}},"12":{"start":{"line":21,"column":4},"end":{"line":21,"column":63}},"13":{"start":{"line":25,"column":0},"end":{"line":35,"column":2}},"14":{"start":{"line":26,"column":2},"end":{"line":34,"column":3}},"15":{"start":{"line":27,"column":23},"end":{"line":27,"column":67}},"16":{"start":{"line":28,"column":4},"end":{"line":30,"column":72}},"17":{"start":{"line":32,"column":4},"end":{"line":32,"column":34}},"18":{"start":{"line":33,"column":4},"end":{"line":33,"column":65}},"19":{"start":{"line":37,"column":0},"end":{"line":47,"column":2}},"20":{"start":{"line":38,"column":2},"end":{"line":46,"column":3}},"21":{"start":{"line":39,"column":19},"end":{"line":39,"column":29}},"22":{"start":{"line":40,"column":24},"end":{"line":40,"column":32}},"23":{"start":{"line":41,"column":27},"end":{"line":41,"column":78}},"24":{"start":{"line":42,"column":4},"end":{"line":42,"column":73}},"25":{"start":{"line":44,"column":4},"end":{"line":44,"column":34}},"26":{"start":{"line":45,"column":4},"end":{"line":45,"column":65}}},"fnMap":{"0":{"name":"(anonymous_0)","decl":{"start":{"line":3,"column":22},"end":{"line":3,"column":23}},"loc":{"start":{"line":3,"column":42},"end":{"line":13,"column":1}},"line":3},"1":{"name":"(anonymous_1)","decl":{"start":{"line":15,"column":25},"end":{"line":15,"column":26}},"loc":{"start":{"line":15,"column":45},"end":{"line":23,"column":1}},"line":15},"2":{"name":"(anonymous_2)","decl":{"start":{"line":25,"column":24},"end":{"line":25,"column":25}},"loc":{"start":{"line":25,"column":50},"end":{"line":35,"column":1}},"line":25},"3":{"name":"(anonymous_3)","decl":{"start":{"line":37,"column":24},"end":{"line":37,"column":25}},"loc":{"start":{"line":37,"column":44},"end":{"line":47,"column":1}},"line":37}},"branchMap":{},"s":{"0":2,"1":2,"2":3,"3":3,"4":2,"5":1,"6":1,"7":2,"8":0,"9":0,"10":0,"11":0,"12":0,"13":2,"14":0,"15":0,"16":0,"17":0,"18":0,"19":2,"20":4,"21":4,"22":4,"23":4,"24":3,"25":1,"26":1},"f":{"0":3,"1":0,"2":0,"3":4},"b":{},"_coverageSchema":"1a1c01bbd47fc00a2c39e90264f33305004495a9","hash":"1737ac4a76c6b0fc03897cecdb5f16e9180dd233"}
,"/Users/luistellez/Library/Mobile Documents/com~apple~CloudDocs/Documents/Proyectos/general-store-backend/src/models/product.js": {"path":"/Users/luistellez/Library/Mobile Documents/com~apple~CloudDocs/Documents/Proyectos/general-store-backend/src/models/product.js","statementMap":{"0":{"start":{"line":1,"column":17},"end":{"line":1,"column":36}},"1":{"start":{"line":2,"column":15},"end":{"line":2,"column":30}},"2":{"start":{"line":4,"column":22},"end":{"line":10,"column":2}},"3":{"start":{"line":12,"column":16},"end":{"line":12,"column":56}},"4":{"start":{"line":14,"column":0},"end":{"line":14,"column":25}}},"fnMap":{},"branchMap":{},"s":{"0":3,"1":3,"2":3,"3":3,"4":3},"f":{},"b":{},"_coverageSchema":"1a1c01bbd47fc00a2c39e90264f33305004495a9","hash":"f4a2c9dd4ff8c94bd199f8273f2c79fe6945b7a4"}
,"/Users/luistellez/Library/Mobile Documents/com~apple~CloudDocs/Documents/Proyectos/general-store-backend/src/routes/products.js": {"path":"/Users/luistellez/Library/Mobile Documents/com~apple~CloudDocs/Documents/Proyectos/general-store-backend/src/routes/products.js","statementMap":{"0":{"start":{"line":1,"column":16},"end":{"line":1,"column":34}},"1":{"start":{"line":2,"column":26},"end":{"line":2,"column":59}},"2":{"start":{"line":3,"column":15},"end":{"line":3,"column":31}},"3":{"start":{"line":5,"column":0},"end":{"line":5,"column":47}},"4":{"start":{"line":6,"column":0},"end":{"line":6,"column":53}},"5":{"start":{"line":7,"column":0},"end":{"line":7,"column":50}},"6":{"start":{"line":8,"column":0},"end":{"line":8,"column":52}},"7":{"start":{"line":10,"column":0},"end":{"line":10,"column":24}}},"fnMap":{},"branchMap":{},"s":{"0":1,"1":1,"2":1,"3":1,"4":1,"5":1,"6":1,"7":1},"f":{},"b":{},"_coverageSchema":"1a1c01bbd47fc00a2c39e90264f33305004495a9","hash":"7fa22b47ccfe9eb12af6efb04628efed56c9105e"}
,"/Users/luistellez/Library/Mobile Documents/com~apple~CloudDocs/Documents/Proyectos/general-store-backend/src/services/products.js": {"path":"/Users/luistellez/Library/Mobile Documents/com~apple~CloudDocs/Documents/Proyectos/general-store-backend/src/services/products.js","statementMap":{"0":{"start":{"line":1,"column":16},"end":{"line":1,"column":44}},"1":{"start":{"line":3,"column":0},"end":{"line":6,"column":2}},"2":{"start":{"line":4,"column":17},"end":{"line":4,"column":51}},"3":{"start":{"line":5,"column":2},"end":{"line":5,"column":18}},"4":{"start":{"line":8,"column":0},"end":{"line":11,"column":2}},"5":{"start":{"line":9,"column":16},"end":{"line":9,"column":56}},"6":{"start":{"line":10,"column":2},"end":{"line":10,"column":17}},"7":{"start":{"line":13,"column":0},"end":{"line":22,"column":2}},"8":{"start":{"line":14,"column":18},"end":{"line":20,"column":4}},"9":{"start":{"line":21,"column":2},"end":{"line":21,"column":30}},"10":{"start":{"line":24,"column":0},"end":{"line":30,"column":2}},"11":{"start":{"line":25,"column":2},"end":{"line":29,"column":12}},"12":{"start":{"line":32,"column":0},"end":{"line":34,"column":2}},"13":{"start":{"line":33,"column":2},"end":{"line":33,"column":59}}},"fnMap":{"0":{"name":"(anonymous_0)","decl":{"start":{"line":3,"column":22},"end":{"line":3,"column":23}},"loc":{"start":{"line":3,"column":34},"end":{"line":6,"column":1}},"line":3},"1":{"name":"(anonymous_1)","decl":{"start":{"line":8,"column":25},"end":{"line":8,"column":26}},"loc":{"start":{"line":8,"column":39},"end":{"line":11,"column":1}},"line":8},"2":{"name":"(anonymous_2)","decl":{"start":{"line":13,"column":24},"end":{"line":13,"column":25}},"loc":{"start":{"line":13,"column":47},"end":{"line":22,"column":1}},"line":13},"3":{"name":"(anonymous_3)","decl":{"start":{"line":24,"column":24},"end":{"line":24,"column":25}},"loc":{"start":{"line":24,"column":51},"end":{"line":30,"column":1}},"line":24},"4":{"name":"(anonymous_4)","decl":{"start":{"line":32,"column":24},"end":{"line":32,"column":25}},"loc":{"start":{"line":32,"column":38},"end":{"line":34,"column":1}},"line":32}},"branchMap":{},"s":{"0":3,"1":3,"2":1,"3":1,"4":3,"5":0,"6":0,"7":3,"8":0,"9":0,"10":3,"11":4,"12":3,"13":1},"f":{"0":1,"1":0,"2":0,"3":4,"4":1},"b":{},"_coverageSchema":"1a1c01bbd47fc00a2c39e90264f33305004495a9","hash":"52684460c97564d4f9b15ef7277873916a7c0876"}
}
